mode: set
github.com/geebytes/Tegenaria/logging/logger.go:21.63,29.2 7 1
github.com/geebytes/Tegenaria/logging/logger.go:31.55,33.2 1 1
github.com/geebytes/Tegenaria/logging/logger.go:34.49,39.2 2 1
github.com/geebytes/Tegenaria/logging/logger.go:40.13,53.16 5 1
github.com/geebytes/Tegenaria/logging/logger.go:56.2,58.39 3 1
github.com/geebytes/Tegenaria/logging/logger.go:53.16,54.56 1 0
github.com/geebytes/Tegenaria/middlewares/middlewares.go:38.55,41.28 3 1
github.com/geebytes/Tegenaria/middlewares/middlewares.go:44.2,44.27 1 1
github.com/geebytes/Tegenaria/middlewares/middlewares.go:41.28,43.3 1 0
github.com/geebytes/Tegenaria/middlewares/middlewares.go:44.27,46.3 1 1
github.com/geebytes/Tegenaria/middlewares/middlewares.go:46.8,48.3 1 1
github.com/geebytes/Tegenaria/middlewares/middlewares.go:57.68,59.2 1 1
github.com/geebytes/Tegenaria/middlewares/middlewares.go:61.79,64.29 3 1
github.com/geebytes/Tegenaria/middlewares/middlewares.go:72.2,72.12 1 1
github.com/geebytes/Tegenaria/middlewares/middlewares.go:64.29,67.17 3 1
github.com/geebytes/Tegenaria/middlewares/middlewares.go:67.17,70.4 2 0
github.com/geebytes/Tegenaria/middlewares/middlewares.go:74.63,79.2 1 1
github.com/geebytes/Tegenaria/net/downloader.go:36.96,40.15 4 1
github.com/geebytes/Tegenaria/net/downloader.go:52.2,55.28 3 1
github.com/geebytes/Tegenaria/net/downloader.go:59.2,59.41 1 1
github.com/geebytes/Tegenaria/net/downloader.go:63.2,69.31 2 1
github.com/geebytes/Tegenaria/net/downloader.go:76.2,76.29 1 1
github.com/geebytes/Tegenaria/net/downloader.go:79.2,79.6 1 1
github.com/geebytes/Tegenaria/net/downloader.go:40.15,46.31 4 1
github.com/geebytes/Tegenaria/net/downloader.go:46.31,48.4 1 0
github.com/geebytes/Tegenaria/net/downloader.go:55.28,57.3 1 1
github.com/geebytes/Tegenaria/net/downloader.go:59.41,61.3 1 1
github.com/geebytes/Tegenaria/net/downloader.go:69.31,70.43 1 1
github.com/geebytes/Tegenaria/net/downloader.go:70.43,73.4 1 1
github.com/geebytes/Tegenaria/net/downloader.go:76.29,78.3 1 1
github.com/geebytes/Tegenaria/net/downloader.go:79.6,80.10 1 1
github.com/geebytes/Tegenaria/net/downloader.go:81.21,83.10 2 1
github.com/geebytes/Tegenaria/net/downloader.go:84.11,85.66 1 1
github.com/geebytes/Tegenaria/net/downloader.go:93.4,96.49 3 1
github.com/geebytes/Tegenaria/net/downloader.go:99.4,108.15 4 1
github.com/geebytes/Tegenaria/net/downloader.go:85.66,92.5 4 0
github.com/geebytes/Tegenaria/net/downloader.go:96.49,98.5 1 1
github.com/geebytes/Tegenaria/net/downloader.go:113.90,115.2 1 1
github.com/geebytes/Tegenaria/net/request.go:30.58,31.26 1 1
github.com/geebytes/Tegenaria/net/request.go:31.26,32.16 1 1
github.com/geebytes/Tegenaria/net/request.go:37.3,39.17 3 1
github.com/geebytes/Tegenaria/net/request.go:32.16,33.32 1 1
github.com/geebytes/Tegenaria/net/request.go:33.32,35.5 1 0
github.com/geebytes/Tegenaria/net/request.go:39.17,41.62 2 0
github.com/geebytes/Tegenaria/net/request.go:45.57,46.26 1 1
github.com/geebytes/Tegenaria/net/request.go:46.26,49.3 1 1
github.com/geebytes/Tegenaria/net/request.go:51.44,52.26 1 1
github.com/geebytes/Tegenaria/net/request.go:52.26,54.3 1 1
github.com/geebytes/Tegenaria/net/request.go:56.57,57.26 1 1
github.com/geebytes/Tegenaria/net/request.go:57.26,59.3 1 1
github.com/geebytes/Tegenaria/net/request.go:61.59,62.26 1 1
github.com/geebytes/Tegenaria/net/request.go:62.26,64.3 1 1
github.com/geebytes/Tegenaria/net/request.go:66.55,67.26 1 0
github.com/geebytes/Tegenaria/net/request.go:67.26,69.3 1 0
github.com/geebytes/Tegenaria/net/request.go:71.38,72.26 1 1
github.com/geebytes/Tegenaria/net/request.go:72.26,74.3 1 1
github.com/geebytes/Tegenaria/net/request.go:76.46,77.26 1 0
github.com/geebytes/Tegenaria/net/request.go:77.26,79.3 1 0
github.com/geebytes/Tegenaria/net/request.go:81.58,82.26 1 0
github.com/geebytes/Tegenaria/net/request.go:82.26,84.3 1 0
github.com/geebytes/Tegenaria/net/request.go:86.39,87.15 1 1
github.com/geebytes/Tegenaria/net/request.go:92.2,92.24 1 1
github.com/geebytes/Tegenaria/net/request.go:87.15,88.31 1 1
github.com/geebytes/Tegenaria/net/request.go:88.31,90.4 1 0
github.com/geebytes/Tegenaria/net/request.go:92.24,94.17 2 1
github.com/geebytes/Tegenaria/net/request.go:97.3,98.36 2 1
github.com/geebytes/Tegenaria/net/request.go:101.3,102.21 2 1
github.com/geebytes/Tegenaria/net/request.go:94.17,95.70 1 0
github.com/geebytes/Tegenaria/net/request.go:98.36,100.4 1 1
github.com/geebytes/Tegenaria/net/request.go:105.69,118.25 2 1
github.com/geebytes/Tegenaria/net/request.go:121.2,122.16 2 1
github.com/geebytes/Tegenaria/net/request.go:118.25,120.3 1 1
github.com/geebytes/Tegenaria/net/response.go:20.50,21.15 1 1
github.com/geebytes/Tegenaria/net/response.go:27.2,29.16 3 1
github.com/geebytes/Tegenaria/net/response.go:32.2,32.17 1 1
github.com/geebytes/Tegenaria/net/response.go:21.15,22.31 1 1
github.com/geebytes/Tegenaria/net/response.go:22.31,24.4 1 0
github.com/geebytes/Tegenaria/net/response.go:29.16,31.3 1 0
github.com/geebytes/Tegenaria/settings/settings.go:24.55,26.2 1 0
github.com/geebytes/Tegenaria/settings/settings.go:30.13,39.20 7 1
github.com/geebytes/Tegenaria/settings/settings.go:42.2,43.16 2 1
github.com/geebytes/Tegenaria/settings/settings.go:39.20,40.60 1 0
github.com/geebytes/Tegenaria/settings/settings.go:43.16,44.60 1 0
github.com/geebytes/Tegenaria/spiders/spiders.go:29.64,34.2 1 1
github.com/geebytes/Tegenaria/spiders/spiders.go:35.43,37.2 1 0
github.com/geebytes/Tegenaria/spiders/spiders.go:38.73,40.2 1 0
github.com/geebytes/Tegenaria/spiders/spiders.go:41.38,43.2 0 0
github.com/geebytes/Tegenaria/spiders/spiders.go:44.28,45.17 1 1
github.com/geebytes/Tegenaria/spiders/spiders.go:50.2,50.20 1 1
github.com/geebytes/Tegenaria/spiders/spiders.go:45.17,49.3 1 1
github.com/geebytes/Tegenaria/spiders/spiders.go:52.58,53.32 1 1
github.com/geebytes/Tegenaria/spiders/spiders.go:56.2,56.53 1 1
github.com/geebytes/Tegenaria/spiders/spiders.go:53.32,55.3 1 0
github.com/geebytes/Tegenaria/spiders/spiders.go:56.53,58.3 1 1
github.com/geebytes/Tegenaria/spiders/spiders.go:58.8,61.3 2 1
github.com/geebytes/Tegenaria/spiders/spiders.go:63.67,64.42 1 1
github.com/geebytes/Tegenaria/spiders/spiders.go:64.42,66.3 1 1
github.com/geebytes/Tegenaria/spiders/spiders.go:66.8,68.3 1 1
